TN:
SF:src/App.tsx
FN:12,(anonymous_0)
FN:19,(anonymous_1)
FNF:2
FNH:0
FNDA:0,(anonymous_0)
FNDA:0,(anonymous_1)
DA:12,0
DA:13,0
DA:15,0
DA:19,0
LF:4
LH:0
BRF:0
BRH:0
end_of_record
TN:
SF:src/auth/ClerkProvider.tsx
FN:78,WithClerk
FNF:1
FNH:0
FNDA:0,WithClerk
DA:5,0
DA:7,0
DA:80,0
DA:81,0
DA:82,0
DA:84,0
LF:6
LH:0
BRDA:80,0,0,0
BRDA:80,0,1,0
BRDA:80,1,0,0
BRDA:80,1,1,0
BRF:4
BRH:0
end_of_record
TN:
SF:src/auth/Guard.tsx
FN:3,Authed
FN:7,Unauthed
FN:17,UserHeader
FNF:3
FNH:0
FNDA:0,Authed
FNDA:0,Unauthed
FNDA:0,UserHeader
DA:4,0
DA:8,0
DA:18,0
DA:19,0
LF:4
LH:0
BRF:0
BRH:0
end_of_record
TN:
SF:src/components/ErrorBoundary.tsx
FN:25,(anonymous_0)
FN:43,(anonymous_1)
FN:50,(anonymous_2)
FN:56,(anonymous_3)
FN:65,(anonymous_4)
FN:73,(anonymous_5)
FN:80,(anonymous_6)
FNF:7
FNH:6
FNDA:6,(anonymous_0)
FNDA:5,(anonymous_1)
FNDA:3,(anonymous_2)
FNDA:1,(anonymous_3)
FNDA:0,(anonymous_4)
FNDA:1,(anonymous_5)
FNDA:13,(anonymous_6)
DA:25,1
DA:26,6
DA:44,6
DA:47,5
DA:51,3
DA:52,3
DA:53,3
DA:57,1
DA:58,1
DA:61,0
DA:62,1
DA:64,1
DA:65,0
DA:67,1
DA:68,0
DA:69,0
DA:73,1
DA:74,1
DA:75,1
DA:76,1
DA:81,13
DA:82,13
DA:84,13
DA:85,6
DA:87,7
LF:25
LH:21
BRDA:52,0,0,3
BRDA:52,0,1,0
BRDA:58,1,0,1
BRDA:58,1,1,0
BRDA:61,2,0,0
BRDA:61,2,1,0
BRDA:64,3,0,1
BRDA:64,3,1,0
BRDA:67,4,0,0
BRDA:67,4,1,1
BRDA:74,5,0,1
BRDA:74,5,1,0
BRDA:82,6,0,13
BRDA:82,6,1,13
BRDA:84,7,0,6
BRDA:84,7,1,7
BRDA:84,8,0,13
BRDA:84,8,1,6
BRF:18
BRH:11
end_of_record
TN:
SF:src/components/chat/CodeBlock.tsx
FN:23,highlightCode
FN:26,(anonymous_1)
FN:69,(anonymous_2)
FN:76,(anonymous_3)
FN:85,(anonymous_4)
FN:92,(anonymous_5)
FN:98,(anonymous_6)
FN:101,(anonymous_7)
FN:144,CodeBlock
FN:148,(anonymous_9)
FN:152,(anonymous_10)
FN:161,(anonymous_11)
FN:162,(anonymous_12)
FNF:13
FNH:0
FNDA:0,highlightCode
FNDA:0,(anonymous_1)
FNDA:0,(anonymous_2)
FNDA:0,(anonymous_3)
FNDA:0,(anonymous_4)
FNDA:0,(anonymous_5)
FNDA:0,(anonymous_6)
FNDA:0,(anonymous_7)
FNDA:0,CodeBlock
FNDA:0,(anonymous_9)
FNDA:0,(anonymous_10)
FNDA:0,(anonymous_11)
FNDA:0,(anonymous_12)
DA:11,1
DA:24,0
DA:26,0
DA:27,0
DA:28,0
DA:41,0
DA:42,0
DA:45,0
DA:51,0
DA:52,0
DA:53,0
DA:54,0
DA:55,0
DA:58,0
DA:62,0
DA:63,0
DA:67,0
DA:69,0
DA:70,0
DA:75,0
DA:76,0
DA:77,0
DA:82,0
DA:83,0
DA:84,0
DA:85,0
DA:86,0
DA:91,0
DA:92,0
DA:93,0
DA:98,0
DA:101,0
DA:103,0
DA:104,0
DA:112,0
DA:113,0
DA:119,0
DA:123,0
DA:124,0
DA:131,0
DA:145,0
DA:146,0
DA:148,0
DA:149,0
DA:150,0
DA:151,0
DA:152,0
DA:154,0
DA:158,0
DA:161,0
DA:162,0
LF:51
LH:1
BRDA:27,0,0,0
BRDA:27,0,1,0
BRDA:34,1,0,0
BRDA:34,1,1,0
BRDA:69,2,0,0
BRDA:69,2,1,0
BRDA:69,3,0,0
BRDA:69,3,1,0
BRDA:69,3,2,0
BRDA:76,4,0,0
BRDA:76,4,1,0
BRDA:76,5,0,0
BRDA:76,5,1,0
BRDA:85,6,0,0
BRDA:85,6,1,0
BRDA:85,7,0,0
BRDA:85,7,1,0
BRDA:92,8,0,0
BRDA:92,8,1,0
BRDA:92,9,0,0
BRDA:92,9,1,0
BRDA:103,10,0,0
BRDA:103,10,1,0
BRDA:112,11,0,0
BRDA:112,11,1,0
BRDA:123,12,0,0
BRDA:123,12,1,0
BRDA:137,13,0,0
BRDA:137,13,1,0
BRDA:137,14,0,0
BRDA:137,14,1,0
BRDA:181,15,0,0
BRDA:181,15,1,0
BRDA:193,16,0,0
BRDA:193,16,1,0
BRDA:201,17,0,0
BRDA:201,17,1,0
BRDA:203,18,0,0
BRDA:203,18,1,0
BRDA:208,19,0,0
BRDA:208,19,1,0
BRF:41
BRH:0
end_of_record
TN:
SF:src/components/chat/MessageContent.tsx
FN:7,(anonymous_0)
FN:28,(anonymous_1)
FN:38,(anonymous_2)
FN:76,(anonymous_3)
FN:78,(anonymous_4)
FN:80,(anonymous_5)
FN:90,(anonymous_6)
FN:114,(anonymous_7)
FN:180,(anonymous_8)
FN:204,(anonymous_9)
FN:219,(anonymous_10)
FN:220,(anonymous_11)
FN:246,(anonymous_12)
FN:247,(anonymous_13)
FN:281,(anonymous_14)
FN:295,(anonymous_15)
FNF:16
FNH:9
FNDA:3,(anonymous_0)
FNDA:25,(anonymous_1)
FNDA:2,(anonymous_2)
FNDA:3,(anonymous_3)
FNDA:3,(anonymous_4)
FNDA:3,(anonymous_5)
FNDA:3,(anonymous_6)
FNDA:2,(anonymous_7)
FNDA:0,(anonymous_8)
FNDA:0,(anonymous_9)
FNDA:0,(anonymous_10)
FNDA:0,(anonymous_11)
FNDA:2,(anonymous_12)
FNDA:0,(anonymous_13)
FNDA:0,(anonymous_14)
FNDA:0,(anonymous_15)
DA:7,1
DA:8,3
DA:10,3
DA:25,3
DA:28,25
DA:29,3
DA:32,3
DA:34,3
DA:38,1
DA:39,2
DA:40,2
DA:47,2
DA:50,2
DA:52,0
DA:53,0
DA:57,0
DA:58,0
DA:59,0
DA:62,0
DA:63,0
DA:67,2
DA:68,2
DA:71,2
DA:76,1
DA:78,3
DA:80,3
DA:82,3
DA:85,3
DA:86,3
DA:87,3
DA:90,3
DA:91,3
DA:92,3
DA:94,3
DA:96,0
DA:97,3
DA:98,3
DA:101,3
DA:102,0
DA:103,0
DA:105,0
DA:106,0
DA:110,0
DA:114,3
DA:116,2
DA:118,2
DA:121,3
DA:122,3
DA:125,3
DA:126,3
DA:127,0
DA:134,0
DA:135,0
DA:139,3
DA:141,1
DA:142,1
DA:151,1
DA:152,1
DA:156,2
DA:157,0
DA:158,0
DA:159,2
DA:160,0
DA:161,0
DA:162,2
DA:163,0
DA:164,0
DA:165,2
DA:168,0
DA:169,2
DA:172,0
DA:173,0
DA:174,0
DA:175,0
DA:176,0
DA:178,0
DA:181,0
DA:187,0
DA:188,2
DA:191,0
DA:192,0
DA:193,0
DA:194,0
DA:195,0
DA:197,0
DA:205,0
DA:211,0
DA:212,2
DA:216,0
DA:218,0
DA:219,0
DA:220,0
DA:221,0
DA:222,0
DA:223,0
DA:229,0
DA:231,0
DA:233,0
DA:235,2
DA:241,2
DA:242,2
DA:245,2
DA:246,2
DA:247,0
DA:248,0
DA:249,0
DA:250,0
DA:256,0
DA:258,0
DA:259,2
DA:261,0
DA:262,0
DA:263,0
DA:266,0
DA:268,0
DA:269,0
DA:273,0
DA:274,0
DA:281,0
DA:286,0
DA:290,0
DA:291,0
DA:295,0
DA:296,0
DA:297,0
DA:299,0
DA:302,0
DA:304,2
DA:309,0
DA:312,2
DA:315,3
DA:318,3
DA:321,3
DA:328,1
LF:134
LH:61
BRDA:32,0,0,3
BRDA:32,0,1,3
BRDA:34,1,0,3
BRDA:34,1,1,2
BRDA:34,1,2,0
BRDA:52,2,0,0
BRDA:52,2,1,0
BRDA:58,3,0,0
BRDA:58,3,1,0
BRDA:67,4,0,2
BRDA:67,4,1,0
BRDA:71,5,0,2
BRDA:71,5,1,0
BRDA:94,6,0,3
BRDA:94,6,1,0
BRDA:96,7,0,0
BRDA:96,7,1,0
BRDA:102,8,0,0
BRDA:102,8,1,0
BRDA:126,9,0,0
BRDA:126,9,1,3
BRDA:139,10,0,1
BRDA:139,10,1,2
BRDA:156,11,0,0
BRDA:156,11,1,2
BRDA:159,12,0,0
BRDA:159,12,1,2
BRDA:162,13,0,0
BRDA:162,13,1,2
BRDA:165,14,0,0
BRDA:165,14,1,2
BRDA:169,15,0,0
BRDA:169,15,1,2
BRDA:171,16,0,2
BRDA:171,16,1,2
BRDA:174,17,0,0
BRDA:174,17,1,0
BRDA:174,17,2,0
BRDA:188,18,0,0
BRDA:188,18,1,2
BRDA:193,19,0,0
BRDA:193,19,1,0
BRDA:212,20,0,0
BRDA:212,20,1,2
BRDA:219,21,0,0
BRDA:219,21,1,0
BRDA:222,22,0,0
BRDA:222,22,1,0
BRDA:235,23,0,2
BRDA:235,23,1,0
BRDA:246,24,0,0
BRDA:246,24,1,2
BRDA:249,25,0,0
BRDA:249,25,1,0
BRDA:259,26,0,0
BRDA:259,26,1,2
BRDA:268,27,0,0
BRDA:268,27,1,0
BRDA:290,28,0,0
BRDA:290,28,1,0
BRDA:296,29,0,0
BRDA:296,29,1,0
BRDA:322,30,0,3
BRDA:322,30,1,0
BRF:64
BRH:23
end_of_record
TN:
SF:src/components/chat/MessageItem.tsx
FN:22,(anonymous_0)
FN:77,(anonymous_1)
FNF:2
FNH:0
FNDA:0,(anonymous_0)
FNDA:0,(anonymous_1)
DA:22,0
DA:29,0
DA:30,0
DA:32,0
DA:77,0
DA:78,0
DA:91,0
LF:7
LH:0
BRDA:30,0,0,0
BRDA:30,0,1,0
BRDA:30,0,2,0
BRDA:30,0,3,0
BRDA:33,1,0,0
BRDA:33,1,1,0
BRDA:35,2,0,0
BRDA:35,2,1,0
BRDA:36,3,0,0
BRDA:36,3,1,0
BRDA:41,4,0,0
BRDA:41,4,1,0
BRDA:41,4,2,0
BRDA:47,5,0,0
BRDA:47,5,1,0
BRDA:47,5,2,0
BRDA:55,6,0,0
BRDA:55,6,1,0
BRDA:63,7,0,0
BRDA:63,7,1,0
BRDA:63,7,2,0
BRDA:79,8,0,0
BRDA:79,8,1,0
BRDA:79,8,2,0
BRDA:79,8,3,0
BRDA:79,8,4,0
BRDA:79,8,5,0
BRDA:79,8,6,0
BRDA:79,8,7,0
BRDA:79,8,8,0
BRF:30
BRH:0
end_of_record
TN:
SF:src/components/chat/MessageList.tsx
FN:5,(anonymous_0)
FN:6,(anonymous_1)
FN:7,(anonymous_2)
FN:9,(anonymous_3)
FN:9,(anonymous_4)
FN:13,(anonymous_5)
FN:14,(anonymous_6)
FN:15,(anonymous_7)
FN:16,(anonymous_8)
FN:17,(anonymous_9)
FN:22,(anonymous_10)
FN:23,(anonymous_11)
FN:42,(anonymous_12)
FN:48,(anonymous_13)
FN:58,(anonymous_14)
FN:73,(anonymous_15)
FNF:16
FNH:0
FNDA:0,(anonymous_0)
FNDA:0,(anonymous_1)
FNDA:0,(anonymous_2)
FNDA:0,(anonymous_3)
FNDA:0,(anonymous_4)
FNDA:0,(anonymous_5)
FNDA:0,(anonymous_6)
FNDA:0,(anonymous_7)
FNDA:0,(anonymous_8)
FNDA:0,(anonymous_9)
FNDA:0,(anonymous_10)
FNDA:0,(anonymous_11)
FNDA:0,(anonymous_12)
FNDA:0,(anonymous_13)
FNDA:0,(anonymous_14)
FNDA:0,(anonymous_15)
DA:5,0
DA:6,0
DA:7,0
DA:8,0
DA:9,0
DA:13,0
DA:14,0
DA:15,0
DA:16,0
DA:17,0
DA:18,0
DA:19,0
DA:22,0
DA:23,0
DA:24,0
DA:27,0
DA:28,0
DA:30,0
DA:31,0
DA:32,0
DA:36,0
DA:37,0
DA:38,0
DA:40,0
DA:42,0
DA:43,0
DA:48,0
DA:49,0
DA:50,0
DA:51,0
DA:58,0
DA:59,0
DA:61,0
DA:62,0
DA:63,0
DA:68,0
DA:70,0
DA:74,0
DA:76,0
DA:112,0
LF:40
LH:0
BRDA:13,0,0,0
BRDA:13,0,1,0
BRDA:24,1,0,0
BRDA:24,1,1,0
BRDA:28,2,0,0
BRDA:28,2,1,0
BRDA:37,3,0,0
BRDA:37,3,1,0
BRDA:50,4,0,0
BRDA:50,4,1,0
BRDA:59,5,0,0
BRDA:59,5,1,0
BRDA:62,6,0,0
BRDA:62,6,1,0
BRDA:68,7,0,0
BRDA:68,7,1,0
BRDA:74,8,0,0
BRDA:74,8,1,0
BRDA:74,8,2,0
BRDA:90,9,0,0
BRDA:90,9,1,0
BRF:21
BRH:0
end_of_record
TN:
SF:src/components/chat/SourcesDropdown.tsx
FN:15,SourcesDropdown
FN:23,(anonymous_1)
FN:40,(anonymous_2)
FNF:3
FNH:0
FNDA:0,SourcesDropdown
FNDA:0,(anonymous_1)
FNDA:0,(anonymous_2)
DA:16,0
DA:18,0
DA:20,0
DA:23,0
DA:42,0
DA:43,0
DA:44,0
DA:45,0
DA:47,0
DA:48,0
DA:49,0
DA:50,0
DA:52,0
DA:56,0
LF:14
LH:0
BRDA:18,0,0,0
BRDA:18,0,1,0
BRDA:18,1,0,0
BRDA:18,1,1,0
BRDA:28,2,0,0
BRDA:28,2,1,0
BRDA:37,3,0,0
BRDA:37,3,1,0
BRDA:43,4,0,0
BRDA:43,4,1,0
BRDA:45,5,0,0
BRDA:45,5,1,0
BRDA:47,6,0,0
BRDA:47,6,1,0
BRDA:49,7,0,0
BRDA:49,7,1,0
BRDA:67,8,0,0
BRDA:67,8,1,0
BRF:18
BRH:0
end_of_record
TN:
SF:src/components/fallbacks/MessageListFallback.tsx
FN:12,(anonymous_0)
FN:14,(anonymous_1)
FNF:2
FNH:0
FNDA:0,(anonymous_0)
FNDA:0,(anonymous_1)
DA:12,0
DA:13,0
DA:14,0
DA:15,0
DA:16,0
DA:17,0
DA:20,0
LF:7
LH:0
BRF:0
BRH:0
end_of_record
TN:
SF:src/components/fallbacks/SidebarFallback.tsx
FN:12,(anonymous_0)
FN:14,(anonymous_1)
FNF:2
FNH:0
FNDA:0,(anonymous_0)
FNDA:0,(anonymous_1)
DA:12,0
DA:13,0
DA:14,0
DA:15,0
DA:16,0
DA:17,0
DA:20,0
LF:7
LH:0
BRF:0
BRH:0
end_of_record
TN:
SF:src/components/home/CenterComposer.tsx
FN:7,(anonymous_0)
FN:11,(anonymous_1)
FN:14,(anonymous_2)
FN:21,(anonymous_3)
FN:25,(anonymous_4)
FN:36,(anonymous_5)
FN:41,(anonymous_6)
FN:51,(anonymous_7)
FN:58,(anonymous_8)
FNF:9
FNH:0
FNDA:0,(anonymous_0)
FNDA:0,(anonymous_1)
FNDA:0,(anonymous_2)
FNDA:0,(anonymous_3)
FNDA:0,(anonymous_4)
FNDA:0,(anonymous_5)
FNDA:0,(anonymous_6)
FNDA:0,(anonymous_7)
FNDA:0,(anonymous_8)
DA:7,0
DA:8,0
DA:9,0
DA:10,0
DA:11,0
DA:14,0
DA:15,0
DA:16,0
DA:17,0
DA:21,0
DA:22,0
DA:25,0
DA:27,0
DA:28,0
DA:29,0
DA:30,0
DA:31,0
DA:32,0
DA:33,0
DA:36,0
DA:37,0
DA:41,0
DA:42,0
DA:43,0
DA:44,0
DA:45,0
DA:47,0
DA:48,0
DA:51,0
DA:52,0
DA:53,0
DA:54,0
DA:58,0
DA:60,0
DA:128,0
LF:35
LH:0
BRDA:15,0,0,0
BRDA:15,0,1,0
BRDA:42,1,0,0
BRDA:42,1,1,0
BRDA:43,2,0,0
BRDA:43,2,1,0
BRDA:52,3,0,0
BRDA:52,3,1,0
BRDA:52,4,0,0
BRDA:52,4,1,0
BRDA:58,5,0,0
BRDA:58,5,1,0
BRDA:99,6,0,0
BRDA:99,6,1,0
BRF:14
BRH:0
end_of_record
TN:
SF:src/components/layout/Sidebar.tsx
FN:15,(anonymous_0)
FN:21,(anonymous_1)
FN:24,(anonymous_2)
FN:24,(anonymous_3)
FN:27,(anonymous_4)
FN:28,(anonymous_5)
FN:29,(anonymous_6)
FN:30,(anonymous_7)
FN:31,(anonymous_8)
FN:35,(anonymous_9)
FN:37,(anonymous_10)
FN:41,(anonymous_11)
FN:43,(anonymous_12)
FN:47,(anonymous_13)
FN:58,(anonymous_14)
FN:63,(anonymous_15)
FN:65,(anonymous_16)
FN:74,(anonymous_17)
FN:96,(anonymous_18)
FN:140,(anonymous_19)
FN:151,(anonymous_20)
FN:163,(anonymous_21)
FN:181,(anonymous_22)
FN:203,(anonymous_23)
FNF:24
FNH:0
FNDA:0,(anonymous_0)
FNDA:0,(anonymous_1)
FNDA:0,(anonymous_2)
FNDA:0,(anonymous_3)
FNDA:0,(anonymous_4)
FNDA:0,(anonymous_5)
FNDA:0,(anonymous_6)
FNDA:0,(anonymous_7)
FNDA:0,(anonymous_8)
FNDA:0,(anonymous_9)
FNDA:0,(anonymous_10)
FNDA:0,(anonymous_11)
FNDA:0,(anonymous_12)
FNDA:0,(anonymous_13)
FNDA:0,(anonymous_14)
FNDA:0,(anonymous_15)
FNDA:0,(anonymous_16)
FNDA:0,(anonymous_17)
FNDA:0,(anonymous_18)
FNDA:0,(anonymous_19)
FNDA:0,(anonymous_20)
FNDA:0,(anonymous_21)
FNDA:0,(anonymous_22)
FNDA:0,(anonymous_23)
DA:15,0
DA:16,0
DA:17,0
DA:18,0
DA:19,0
DA:20,0
DA:21,0
DA:23,0
DA:24,0
DA:27,0
DA:28,0
DA:29,0
DA:30,0
DA:31,0
DA:32,0
DA:33,0
DA:35,0
DA:36,0
DA:37,0
DA:38,0
DA:41,0
DA:42,0
DA:43,0
DA:44,0
DA:47,0
DA:48,0
DA:49,0
DA:52,0
DA:58,0
DA:60,0
DA:63,0
DA:64,0
DA:66,0
DA:67,0
DA:68,0
DA:69,0
DA:74,0
DA:77,0
DA:80,0
DA:96,0
DA:141,0
DA:151,0
DA:164,0
DA:165,0
DA:182,0
DA:183,0
DA:185,0
DA:203,0
DA:224,0
LF:49
LH:0
BRDA:36,0,0,0
BRDA:36,0,1,0
BRDA:42,1,0,0
BRDA:42,1,1,0
BRDA:49,2,0,0
BRDA:49,2,1,0
BRDA:67,3,0,0
BRDA:67,3,1,0
BRDA:74,4,0,0
BRDA:74,4,1,0
BRDA:89,5,0,0
BRDA:89,5,1,0
BRDA:104,6,0,0
BRDA:104,6,1,0
BRDA:111,7,0,0
BRDA:111,7,1,0
BRDA:118,8,0,0
BRDA:118,8,1,0
BRDA:124,9,0,0
BRDA:124,9,1,0
BRDA:128,10,0,0
BRDA:128,10,1,0
BRDA:134,11,0,0
BRDA:134,11,1,0
BRDA:145,12,0,0
BRDA:145,12,1,0
BRDA:154,13,0,0
BRDA:154,13,1,0
BRDA:182,14,0,0
BRDA:182,14,1,0
BRDA:190,15,0,0
BRDA:190,15,1,0
BRDA:192,16,0,0
BRDA:192,16,1,0
BRDA:197,17,0,0
BRDA:197,17,1,0
BRDA:212,18,0,0
BRDA:212,18,1,0
BRF:38
BRH:0
end_of_record
TN:
SF:src/components/layout/TopBar.tsx
FN:3,TopBar
FNF:1
FNH:0
FNDA:0,TopBar
DA:4,0
LF:1
LH:0
BRF:0
BRH:0
end_of_record
TN:
SF:src/components/settings/SettingsDialog.tsx
FN:62,SettingsDialog
FN:68,(anonymous_1)
FN:69,(anonymous_2)
FN:80,(anonymous_3)
FN:83,(anonymous_4)
FN:87,(anonymous_5)
FN:94,(anonymous_6)
FN:100,(anonymous_7)
FN:110,(anonymous_8)
FN:120,(anonymous_9)
FN:191,(anonymous_10)
FN:221,(anonymous_11)
FN:250,(anonymous_12)
FN:266,(anonymous_13)
FN:292,(anonymous_14)
FN:321,(anonymous_15)
FN:337,(anonymous_16)
FN:361,(anonymous_17)
FN:390,(anonymous_18)
FN:406,(anonymous_19)
FN:438,(anonymous_20)
FN:457,(anonymous_21)
FN:482,(anonymous_22)
FN:504,(anonymous_23)
FN:529,(anonymous_24)
FNF:25
FNH:0
FNDA:0,SettingsDialog
FNDA:0,(anonymous_1)
FNDA:0,(anonymous_2)
FNDA:0,(anonymous_3)
FNDA:0,(anonymous_4)
FNDA:0,(anonymous_5)
FNDA:0,(anonymous_6)
FNDA:0,(anonymous_7)
FNDA:0,(anonymous_8)
FNDA:0,(anonymous_9)
FNDA:0,(anonymous_10)
FNDA:0,(anonymous_11)
FNDA:0,(anonymous_12)
FNDA:0,(anonymous_13)
FNDA:0,(anonymous_14)
FNDA:0,(anonymous_15)
FNDA:0,(anonymous_16)
FNDA:0,(anonymous_17)
FNDA:0,(anonymous_18)
FNDA:0,(anonymous_19)
FNDA:0,(anonymous_20)
FNDA:0,(anonymous_21)
FNDA:0,(anonymous_22)
FNDA:0,(anonymous_23)
FNDA:0,(anonymous_24)
DA:34,0
DA:63,0
DA:64,0
DA:65,0
DA:66,0
DA:68,0
DA:69,0
DA:70,0
DA:71,0
DA:72,0
DA:73,0
DA:75,0
DA:76,0
DA:80,0
DA:81,0
DA:82,0
DA:83,0
DA:88,0
DA:89,0
DA:94,0
DA:95,0
DA:96,0
DA:97,0
DA:99,0
DA:100,0
DA:105,0
DA:109,0
DA:115,0
DA:120,0
DA:124,0
DA:126,0
DA:128,0
DA:132,0
DA:191,0
DA:222,0
DA:251,0
DA:267,0
DA:293,0
DA:322,0
DA:338,0
DA:362,0
DA:391,0
DA:407,0
DA:439,0
DA:458,0
DA:483,0
DA:505,0
DA:530,0
LF:48
LH:0
BRDA:81,0,0,0
BRDA:81,0,1,0
BRDA:81,1,0,0
BRDA:81,1,1,0
BRDA:81,1,2,0
BRDA:95,2,0,0
BRDA:95,2,1,0
BRDA:99,3,0,0
BRDA:99,3,1,0
BRDA:120,4,0,0
BRDA:120,4,1,0
BRDA:206,5,0,0
BRDA:206,5,1,0
BRDA:238,6,0,0
BRDA:238,6,1,0
BRDA:309,7,0,0
BRDA:309,7,1,0
BRDA:378,8,0,0
BRDA:378,8,1,0
BRDA:473,9,0,0
BRDA:473,9,1,0
BRDA:475,10,0,0
BRDA:475,10,1,0
BRDA:557,11,0,0
BRDA:557,11,1,0
BRDA:560,12,0,0
BRDA:560,12,1,0
BRF:27
BRH:0
end_of_record
TN:
SF:src/components/ui/button.tsx
FN:8,(anonymous_0)
FNF:1
FNH:0
FNDA:0,(anonymous_0)
DA:7,0
DA:9,0
DA:21,0
LF:3
LH:0
BRF:0
BRH:0
end_of_record
TN:
SF:src/components/ui/card.tsx
FN:7,(anonymous_0)
FN:23,(anonymous_1)
FN:35,(anonymous_2)
FN:50,(anonymous_3)
FN:62,(anonymous_4)
FN:70,(anonymous_5)
FNF:6
FNH:0
FNDA:0,(anonymous_0)
FNDA:0,(anonymous_1)
FNDA:0,(anonymous_2)
FNDA:0,(anonymous_3)
FNDA:0,(anonymous_4)
FNDA:0,(anonymous_5)
DA:6,0
DA:8,0
DA:18,0
DA:20,0
DA:24,0
DA:30,0
DA:32,0
DA:36,0
DA:45,0
DA:47,0
DA:51,0
DA:57,0
DA:59,0
DA:63,0
DA:65,0
DA:67,0
DA:71,0
DA:77,0
LF:18
LH:0
BRF:0
BRH:0
end_of_record
TN:
SF:src/components/ui/input.tsx
FN:8,(anonymous_0)
FNF:1
FNH:0
FNDA:0,(anonymous_0)
DA:7,0
DA:9,0
DA:22,0
LF:3
LH:0
BRF:0
BRH:0
end_of_record
TN:
SF:src/components/ui/scroll-area.tsx
FN:8,(anonymous_0)
FN:26,(anonymous_1)
FNF:2
FNH:0
FNDA:0,(anonymous_0)
FNDA:0,(anonymous_1)
DA:5,0
DA:9,0
DA:21,0
DA:23,0
DA:27,0
DA:43,0
LF:6
LH:0
BRDA:26,0,0,0
BRDA:32,1,0,0
BRDA:32,1,1,0
BRDA:34,2,0,0
BRDA:34,2,1,0
BRF:5
BRH:0
end_of_record
TN:
SF:src/components/ui/separator.tsx
FN:12,(anonymous_0)
FNF:1
FNH:0
FNDA:0,(anonymous_0)
DA:4,0
DA:16,0
DA:29,0
LF:3
LH:0
BRDA:13,0,0,0
BRDA:13,1,0,0
BRDA:18,2,0,0
BRDA:18,2,1,0
BRDA:22,3,0,0
BRDA:22,3,1,0
BRF:6
BRH:0
end_of_record
TN:
SF:src/components/ui/sheet.tsx
FN:16,(anonymous_0)
FN:33,(anonymous_1)
FN:61,(anonymous_2)
FN:75,(anonymous_3)
FN:92,(anonymous_4)
FN:104,(anonymous_5)
FNF:6
FNH:0
FNDA:0,(anonymous_0)
FNDA:0,(anonymous_1)
FNDA:0,(anonymous_2)
FNDA:0,(anonymous_3)
FNDA:0,(anonymous_4)
FNDA:0,(anonymous_5)
DA:5,0
DA:7,0
DA:9,0
DA:11,0
DA:13,0
DA:17,0
DA:26,0
DA:28,0
DA:34,0
DA:35,0
DA:59,0
DA:61,0
DA:65,0
DA:73,0
DA:75,0
DA:79,0
DA:87,0
DA:89,0
DA:93,0
DA:99,0
DA:101,0
DA:105,0
DA:111,0
LF:23
LH:0
BRDA:33,0,0,0
BRDA:42,1,0,0
BRDA:42,1,1,0
BRDA:44,2,0,0
BRDA:44,2,1,0
BRDA:46,3,0,0
BRDA:46,3,1,0
BRDA:48,4,0,0
BRDA:48,4,1,0
BRF:9
BRH:0
end_of_record
TN:
SF:src/components/ui/skeleton.tsx
FN:3,Skeleton
FNF:1
FNH:0
FNDA:0,Skeleton
DA:7,0
LF:1
LH:0
BRF:0
BRH:0
end_of_record
TN:
SF:src/components/ui/textarea.tsx
FN:8,(anonymous_0)
FNF:1
FNH:0
FNDA:0,(anonymous_0)
DA:7,0
DA:9,0
DA:21,0
LF:3
LH:0
BRF:0
BRH:0
end_of_record
TN:
SF:src/components/ui/tooltip.tsx
FN:14,(anonymous_0)
FNF:1
FNH:0
FNDA:0,(anonymous_0)
DA:5,0
DA:7,0
DA:9,0
DA:11,0
DA:15,0
DA:25,0
LF:6
LH:0
BRDA:14,0,0,0
BRF:1
BRH:0
end_of_record
TN:
SF:src/context/RetryContext.tsx
FN:14,(anonymous_0)
FN:16,(anonymous_1)
FN:16,(anonymous_2)
FN:17,(anonymous_3)
FN:21,(anonymous_4)
FN:28,(anonymous_5)
FNF:6
FNH:2
FNDA:9,(anonymous_0)
FNDA:0,(anonymous_1)
FNDA:0,(anonymous_2)
FNDA:8,(anonymous_3)
FNDA:0,(anonymous_4)
FNDA:0,(anonymous_5)
DA:12,2
DA:14,2
DA:15,9
DA:16,9
DA:17,9
DA:18,9
DA:21,2
DA:22,0
DA:23,0
DA:24,0
DA:28,2
LF:11
LH:8
BRDA:23,0,0,0
BRDA:23,0,1,0
BRF:2
BRH:0
end_of_record
TN:
SF:src/dev/errorTest.ts
FN:2,maybeThrowDevError
FNF:1
FNH:0
FNDA:0,maybeThrowDevError
DA:3,0
DA:4,0
DA:5,0
DA:6,0
LF:4
LH:0
BRDA:3,0,0,0
BRDA:3,0,1,0
BRDA:5,1,0,0
BRDA:5,1,1,0
BRF:4
BRH:0
end_of_record
TN:
SF:src/hooks/useChatStream.ts
FN:21,generateTitle
FN:28,useChatStream
FN:32,(anonymous_2)
FN:38,(anonymous_3)
FN:50,(anonymous_4)
FN:59,(anonymous_5)
FN:63,(anonymous_6)
FN:75,(anonymous_7)
FN:96,(anonymous_8)
FN:141,(anonymous_9)
FN:171,(anonymous_10)
FN:203,(anonymous_11)
FN:235,(anonymous_12)
FNF:13
FNH:0
FNDA:0,generateTitle
FNDA:0,useChatStream
FNDA:0,(anonymous_2)
FNDA:0,(anonymous_3)
FNDA:0,(anonymous_4)
FNDA:0,(anonymous_5)
FNDA:0,(anonymous_6)
FNDA:0,(anonymous_7)
FNDA:0,(anonymous_8)
FNDA:0,(anonymous_9)
FNDA:0,(anonymous_10)
FNDA:0,(anonymous_11)
FNDA:0,(anonymous_12)
DA:22,0
DA:23,0
DA:24,0
DA:25,0
DA:29,0
DA:31,0
DA:33,0
DA:35,0
DA:36,0
DA:37,0
DA:38,0
DA:39,0
DA:41,0
DA:45,0
DA:46,0
DA:48,0
DA:49,0
DA:50,0
DA:51,0
DA:54,0
DA:55,0
DA:58,0
DA:59,0
DA:60,0
DA:62,0
DA:64,0
DA:69,0
DA:72,0
DA:73,0
DA:74,0
DA:75,0
DA:76,0
DA:78,0
DA:81,0
DA:82,0
DA:83,0
DA:84,0
DA:85,0
DA:86,0
DA:88,0
DA:93,0
DA:94,0
DA:95,0
DA:96,0
DA:97,0
DA:98,0
DA:99,0
DA:101,0
DA:102,0
DA:103,0
DA:104,0
DA:105,0
DA:107,0
DA:109,0
DA:110,0
DA:111,0
DA:114,0
DA:117,0
DA:119,0
DA:122,0
DA:123,0
DA:124,0
DA:125,0
DA:127,0
DA:128,0
DA:129,0
DA:131,0
DA:133,0
DA:135,0
DA:136,0
DA:139,0
DA:140,0
DA:141,0
DA:142,0
DA:143,0
DA:145,0
DA:146,0
DA:147,0
DA:149,0
DA:152,0
DA:154,0
DA:155,0
DA:156,0
DA:157,0
DA:158,0
DA:159,0
DA:160,0
DA:161,0
DA:164,0
DA:167,0
DA:169,0
DA:171,0
DA:172,0
DA:173,0
DA:174,0
DA:179,0
DA:182,0
DA:185,0
DA:186,0
DA:188,0
DA:190,0
DA:191,0
DA:192,0
DA:193,0
DA:195,0
DA:196,0
DA:197,0
DA:198,0
DA:200,0
DA:203,0
DA:204,0
DA:205,0
DA:207,0
DA:208,0
DA:211,0
DA:213,0
DA:214,0
DA:216,0
DA:218,0
DA:220,0
DA:222,0
DA:223,0
DA:224,0
DA:225,0
DA:226,0
DA:227,0
DA:229,0
DA:233,0
DA:234,0
DA:235,0
DA:236,0
DA:237,0
DA:238,0
DA:240,0
DA:243,0
DA:245,0
DA:248,0
DA:253,0
LF:138
LH:0
BRDA:22,0,0,0
BRDA:22,0,1,0
BRDA:25,1,0,0
BRDA:25,1,1,0
BRDA:33,2,0,0
BRDA:33,2,1,0
BRDA:39,3,0,0
BRDA:39,3,1,0
BRDA:41,4,0,0
BRDA:41,4,1,0
BRDA:45,5,0,0
BRDA:45,5,1,0
BRDA:51,6,0,0
BRDA:51,6,1,0
BRDA:60,7,0,0
BRDA:60,7,1,0
BRDA:64,8,0,0
BRDA:64,8,1,0
BRDA:72,9,0,0
BRDA:72,9,1,0
BRDA:76,10,0,0
BRDA:76,10,1,0
BRDA:96,11,0,0
BRDA:96,11,1,0
BRDA:97,12,0,0
BRDA:97,12,1,0
BRDA:102,13,0,0
BRDA:102,13,1,0
BRDA:103,14,0,0
BRDA:103,14,1,0
BRDA:103,15,0,0
BRDA:103,15,1,0
BRDA:104,16,0,0
BRDA:104,16,1,0
BRDA:104,17,0,0
BRDA:104,17,1,0
BRDA:107,18,0,0
BRDA:107,18,1,0
BRDA:111,19,0,0
BRDA:111,19,1,0
BRDA:114,20,0,0
BRDA:114,20,1,0
BRDA:117,21,0,0
BRDA:117,21,1,0
BRDA:123,22,0,0
BRDA:123,22,1,0
BRDA:123,23,0,0
BRDA:123,23,1,0
BRDA:123,23,2,0
BRDA:125,24,0,0
BRDA:125,24,1,0
BRDA:125,25,0,0
BRDA:125,25,1,0
BRDA:125,25,2,0
BRDA:129,26,0,0
BRDA:129,26,1,0
BRDA:133,27,0,0
BRDA:133,27,1,0
BRDA:133,28,0,0
BRDA:133,28,1,0
BRDA:136,29,0,0
BRDA:136,29,1,0
BRDA:136,29,2,0
BRDA:139,30,0,0
BRDA:139,30,1,0
BRDA:139,31,0,0
BRDA:139,31,1,0
BRDA:141,32,0,0
BRDA:141,32,1,0
BRDA:143,33,0,0
BRDA:143,33,1,0
BRDA:143,34,0,0
BRDA:143,34,1,0
BRDA:154,35,0,0
BRDA:154,35,1,0
BRDA:155,36,0,0
BRDA:155,36,1,0
BRDA:157,37,0,0
BRDA:157,37,1,0
BRDA:161,38,0,0
BRDA:161,38,1,0
BRDA:161,39,0,0
BRDA:161,39,1,0
BRDA:171,40,0,0
BRDA:171,40,1,0
BRDA:173,41,0,0
BRDA:173,41,1,0
BRDA:173,42,0,0
BRDA:173,42,1,0
BRDA:173,42,2,0
BRDA:174,43,0,0
BRDA:174,43,1,0
BRDA:179,44,0,0
BRDA:179,44,1,0
BRDA:179,45,0,0
BRDA:179,45,1,0
BRDA:179,45,2,0
BRDA:185,46,0,0
BRDA:185,46,1,0
BRDA:188,47,0,0
BRDA:188,47,1,0
BRDA:191,48,0,0
BRDA:191,48,1,0
BRDA:193,49,0,0
BRDA:193,49,1,0
BRDA:193,50,0,0
BRDA:193,50,1,0
BRDA:195,51,0,0
BRDA:195,51,1,0
BRDA:196,52,0,0
BRDA:196,52,1,0
BRDA:197,53,0,0
BRDA:197,53,1,0
BRDA:203,54,0,0
BRDA:203,54,1,0
BRDA:205,55,0,0
BRDA:205,55,1,0
BRDA:205,56,0,0
BRDA:205,56,1,0
BRDA:207,57,0,0
BRDA:207,57,1,0
BRDA:211,58,0,0
BRDA:211,58,1,0
BRDA:214,59,0,0
BRDA:214,59,1,0
BRDA:216,60,0,0
BRDA:216,60,1,0
BRDA:222,61,0,0
BRDA:222,61,1,0
BRDA:222,62,0,0
BRDA:222,62,1,0
BRDA:222,62,2,0
BRDA:224,63,0,0
BRDA:224,63,1,0
BRDA:224,64,0,0
BRDA:224,64,1,0
BRDA:227,65,0,0
BRDA:227,65,1,0
BRDA:233,66,0,0
BRDA:233,66,1,0
BRDA:233,67,0,0
BRDA:233,67,1,0
BRDA:233,67,2,0
BRDA:235,68,0,0
BRDA:235,68,1,0
BRDA:237,69,0,0
BRDA:237,69,1,0
BRDA:237,70,0,0
BRDA:237,70,1,0
BRDA:245,71,0,0
BRDA:245,71,1,0
BRF:151
BRH:0
end_of_record
TN:
SF:src/hooks/useDebouncedEffect.ts
FN:15,useDebouncedEffect
FN:20,(anonymous_1)
FN:21,(anonymous_2)
FN:25,(anonymous_3)
FNF:4
FNH:0
FNDA:0,useDebouncedEffect
FNDA:0,(anonymous_1)
FNDA:0,(anonymous_2)
FNDA:0,(anonymous_3)
DA:20,0
DA:21,0
DA:22,0
DA:25,0
DA:26,0
LF:5
LH:0
BRF:0
BRH:0
end_of_record
TN:
SF:src/hooks/useEvent.ts
FN:16,useEvent
FN:20,(anonymous_1)
FNF:2
FNH:0
FNDA:0,useEvent
FNDA:0,(anonymous_1)
DA:17,0
DA:18,0
DA:20,0
LF:3
LH:0
BRF:0
BRH:0
end_of_record
TN:
SF:src/icons/index.ts
FNF:0
FNH:0
LF:0
LH:0
BRF:0
BRH:0
end_of_record
TN:
SF:src/layouts/MainChatLayout.tsx
FN:16,(anonymous_0)
FN:17,(anonymous_1)
FN:17,(anonymous_2)
FN:19,MainChatLayout
FN:21,(anonymous_4)
FN:22,(anonymous_5)
FN:23,(anonymous_6)
FN:24,(anonymous_7)
FN:25,(anonymous_8)
FN:26,(anonymous_9)
FN:32,(anonymous_10)
FN:35,load
FN:76,(anonymous_12)
FN:82,(anonymous_13)
FN:85,(anonymous_14)
FN:91,load
FN:114,(anonymous_16)
FN:124,(anonymous_17)
FN:158,(anonymous_18)
FNF:19
FNH:0
FNDA:0,(anonymous_0)
FNDA:0,(anonymous_1)
FNDA:0,(anonymous_2)
FNDA:0,MainChatLayout
FNDA:0,(anonymous_4)
FNDA:0,(anonymous_5)
FNDA:0,(anonymous_6)
FNDA:0,(anonymous_7)
FNDA:0,(anonymous_8)
FNDA:0,(anonymous_9)
FNDA:0,(anonymous_10)
FNDA:0,load
FNDA:0,(anonymous_12)
FNDA:0,(anonymous_13)
FNDA:0,(anonymous_14)
FNDA:0,load
FNDA:0,(anonymous_16)
FNDA:0,(anonymous_17)
FNDA:0,(anonymous_18)
DA:16,0
DA:17,0
DA:20,0
DA:21,0
DA:22,0
DA:23,0
DA:24,0
DA:25,0
DA:26,0
DA:27,0
DA:28,0
DA:29,0
DA:32,0
DA:33,0
DA:36,0
DA:37,0
DA:38,0
DA:39,0
DA:41,0
DA:44,0
DA:45,0
DA:47,0
DA:49,0
DA:50,0
DA:51,0
DA:52,0
DA:56,0
DA:57,0
DA:58,0
DA:59,0
DA:62,0
DA:67,0
DA:72,0
DA:73,0
DA:76,0
DA:77,0
DA:82,0
DA:83,0
DA:85,0
DA:87,0
DA:89,0
DA:92,0
DA:93,0
DA:94,0
DA:95,0
DA:96,0
DA:100,0
DA:101,0
DA:102,0
DA:103,0
DA:107,0
DA:112,0
DA:114,0
DA:115,0
DA:119,0
DA:125,0
DA:159,0
LF:57
LH:0
BRDA:17,0,0,0
BRDA:17,0,1,0
BRDA:27,1,0,0
BRDA:27,1,1,0
BRDA:38,2,0,0
BRDA:38,2,1,0
BRDA:39,3,0,0
BRDA:39,3,1,0
BRDA:44,4,0,0
BRDA:44,4,1,0
BRDA:44,5,0,0
BRDA:44,5,1,0
BRDA:50,6,0,0
BRDA:50,6,1,0
BRDA:51,7,0,0
BRDA:51,7,1,0
BRDA:56,8,0,0
BRDA:56,8,1,0
BRDA:56,9,0,0
BRDA:56,9,1,0
BRDA:56,9,2,0
BRDA:57,10,0,0
BRDA:57,10,1,0
BRDA:72,11,0,0
BRDA:72,11,1,0
BRDA:72,12,0,0
BRDA:72,12,1,0
BRDA:83,13,0,0
BRDA:83,13,1,0
BRDA:87,14,0,0
BRDA:87,14,1,0
BRDA:87,15,0,0
BRDA:87,15,1,0
BRDA:87,15,2,0
BRDA:94,16,0,0
BRDA:94,16,1,0
BRDA:95,17,0,0
BRDA:95,17,1,0
BRDA:100,18,0,0
BRDA:100,18,1,0
BRDA:100,19,0,0
BRDA:100,19,1,0
BRDA:100,19,2,0
BRDA:101,20,0,0
BRDA:101,20,1,0
BRDA:132,21,0,0
BRDA:132,21,1,0
BRDA:136,22,0,0
BRDA:136,22,1,0
BRDA:157,23,0,0
BRDA:157,23,1,0
BRDA:168,24,0,0
BRDA:168,24,1,0
BRDA:168,24,2,0
BRF:54
BRH:0
end_of_record
TN:
SF:src/lib/id.ts
FN:2,nanoid
FNF:1
FNH:0
FNDA:0,nanoid
DA:1,0
DA:3,0
LF:2
LH:0
BRF:0
BRH:0
end_of_record
TN:
SF:src/lib/sse.ts
FN:1,readSSE
FNF:1
FNH:0
FNDA:0,readSSE
DA:2,0
DA:3,0
DA:4,0
DA:5,0
DA:6,0
DA:7,0
DA:9,0
DA:10,0
DA:11,0
LF:9
LH:0
BRDA:6,0,0,0
BRDA:6,0,1,0
BRF:2
BRH:0
end_of_record
TN:
SF:src/lib/utils.ts
FN:3,cn
FNF:1
FNH:1
FNDA:3,cn
DA:3,3
LF:1
LH:1
BRF:0
BRH:0
end_of_record
TN:
SF:src/pages/Dashboard.tsx
FN:10,(anonymous_0)
FN:11,(anonymous_1)
FN:11,(anonymous_2)
FN:13,(anonymous_3)
FN:21,(anonymous_4)
FNF:5
FNH:0
FNDA:0,(anonymous_0)
FNDA:0,(anonymous_1)
FNDA:0,(anonymous_2)
FNDA:0,(anonymous_3)
FNDA:0,(anonymous_4)
DA:10,0
DA:11,0
DA:13,0
DA:14,0
DA:16,0
DA:22,0
LF:6
LH:0
BRDA:11,0,0,0
BRDA:11,0,1,0
BRF:2
BRH:0
end_of_record
TN:
SF:src/pages/PromptTester.tsx
FN:78,PromptTester
FN:87,(anonymous_1)
FN:106,(anonymous_2)
FN:110,(anonymous_3)
FN:122,(anonymous_4)
FN:141,(anonymous_5)
FN:165,(anonymous_6)
FN:166,(anonymous_7)
FN:184,(anonymous_8)
FN:210,(anonymous_9)
FN:217,(anonymous_10)
FN:251,(anonymous_11)
FN:258,(anonymous_12)
FN:272,(anonymous_13)
FN:276,(anonymous_14)
FN:298,(anonymous_15)
FN:302,(anonymous_16)
FN:311,(anonymous_17)
FN:312,(anonymous_18)
FN:323,(anonymous_19)
FN:328,(anonymous_20)
FN:332,(anonymous_21)
FN:361,(anonymous_22)
FN:378,(anonymous_23)
FN:403,(anonymous_24)
FN:428,(anonymous_25)
FN:429,(anonymous_26)
FNF:27
FNH:0
FNDA:0,PromptTester
FNDA:0,(anonymous_1)
FNDA:0,(anonymous_2)
FNDA:0,(anonymous_3)
FNDA:0,(anonymous_4)
FNDA:0,(anonymous_5)
FNDA:0,(anonymous_6)
FNDA:0,(anonymous_7)
FNDA:0,(anonymous_8)
FNDA:0,(anonymous_9)
FNDA:0,(anonymous_10)
FNDA:0,(anonymous_11)
FNDA:0,(anonymous_12)
FNDA:0,(anonymous_13)
FNDA:0,(anonymous_14)
FNDA:0,(anonymous_15)
FNDA:0,(anonymous_16)
FNDA:0,(anonymous_17)
FNDA:0,(anonymous_18)
FNDA:0,(anonymous_19)
FNDA:0,(anonymous_20)
FNDA:0,(anonymous_21)
FNDA:0,(anonymous_22)
FNDA:0,(anonymous_23)
FNDA:0,(anonymous_24)
FNDA:0,(anonymous_25)
FNDA:0,(anonymous_26)
DA:22,0
DA:79,0
DA:80,0
DA:81,0
DA:82,0
DA:83,0
DA:84,0
DA:85,0
DA:87,0
DA:88,0
DA:89,0
DA:90,0
DA:93,0
DA:94,0
DA:96,0
DA:97,0
DA:98,0
DA:99,0
DA:101,0
DA:102,0
DA:103,0
DA:104,0
DA:105,0
DA:106,0
DA:108,0
DA:109,0
DA:110,0
DA:119,0
DA:122,0
DA:123,0
DA:124,0
DA:125,0
DA:127,0
DA:129,0
DA:130,0
DA:132,0
DA:134,0
DA:135,0
DA:141,0
DA:142,0
DA:147,0
DA:150,0
DA:151,0
DA:152,0
DA:153,0
DA:154,0
DA:155,0
DA:159,0
DA:163,0
DA:166,0
DA:170,0
DA:176,0
DA:178,0
DA:179,0
DA:182,0
DA:183,0
DA:184,0
DA:187,0
DA:192,0
DA:194,0
DA:201,0
DA:210,0
DA:211,0
DA:212,0
DA:215,0
DA:216,0
DA:217,0
DA:219,0
DA:220,0
DA:225,0
DA:226,0
DA:227,0
DA:228,0
DA:232,0
DA:233,0
DA:234,0
DA:238,0
DA:239,0
DA:240,0
DA:241,0
DA:246,0
DA:251,0
DA:252,0
DA:256,0
DA:258,0
DA:259,0
DA:261,0
DA:262,0
DA:266,0
DA:272,0
DA:273,0
DA:275,0
DA:276,0
DA:277,0
DA:278,0
DA:280,0
DA:281,0
DA:282,0
DA:284,0
DA:289,0
DA:291,0
DA:292,0
DA:293,0
DA:294,0
DA:298,0
DA:300,0
DA:301,0
DA:302,0
DA:307,0
DA:311,0
DA:312,0
DA:314,0
DA:324,0
DA:329,0
DA:330,0
DA:332,0
DA:362,0
DA:379,0
DA:404,0
DA:428,0
DA:429,0
LF:121
LH:0
BRDA:88,0,0,0
BRDA:88,0,1,0
BRDA:98,1,0,0
BRDA:98,1,1,0
BRDA:105,2,0,0
BRDA:105,2,1,0
BRDA:109,3,0,0
BRDA:109,3,1,0
BRDA:130,4,0,0
BRDA:130,4,1,0
BRDA:145,5,0,0
BRDA:145,5,1,0
BRDA:151,6,0,0
BRDA:151,6,1,0
BRDA:152,7,0,0
BRDA:152,7,1,0
BRDA:152,8,0,0
BRDA:152,8,1,0
BRDA:152,8,2,0
BRDA:154,9,0,0
BRDA:154,9,1,0
BRDA:182,10,0,0
BRDA:182,10,1,0
BRDA:204,11,0,0
BRDA:204,11,1,0
BRDA:205,12,0,0
BRDA:205,12,1,0
BRDA:215,13,0,0
BRDA:215,13,1,0
BRDA:219,14,0,0
BRDA:219,14,1,0
BRDA:225,15,0,0
BRDA:225,15,1,0
BRDA:227,16,0,0
BRDA:227,16,1,0
BRDA:233,17,0,0
BRDA:233,17,1,0
BRDA:238,18,0,0
BRDA:238,18,1,0
BRDA:238,19,0,0
BRDA:238,19,1,0
BRDA:240,20,0,0
BRDA:240,20,1,0
BRDA:251,21,0,0
BRDA:251,21,1,0
BRDA:256,22,0,0
BRDA:256,22,1,0
BRDA:256,23,0,0
BRDA:256,23,1,0
BRDA:261,24,0,0
BRDA:261,24,1,0
BRDA:273,25,0,0
BRDA:273,25,1,0
BRDA:273,26,0,0
BRDA:273,26,1,0
BRDA:287,27,0,0
BRDA:287,27,1,0
BRDA:292,28,0,0
BRDA:292,28,1,0
BRDA:293,29,0,0
BRDA:293,29,1,0
BRDA:293,30,0,0
BRDA:293,30,1,0
BRDA:293,30,2,0
BRDA:301,31,0,0
BRDA:301,31,1,0
BRDA:329,32,0,0
BRDA:329,32,1,0
BRDA:347,33,0,0
BRDA:347,33,1,0
BRDA:350,34,0,0
BRDA:350,34,1,0
BRDA:355,35,0,0
BRDA:355,35,1,0
BRDA:363,36,0,0
BRDA:363,36,1,0
BRDA:368,37,0,0
BRDA:368,37,1,0
BRDA:370,38,0,0
BRDA:370,38,1,0
BRDA:374,39,0,0
BRDA:374,39,1,0
BRDA:390,40,0,0
BRDA:390,40,1,0
BRDA:404,41,0,0
BRDA:404,41,1,0
BRDA:406,42,0,0
BRDA:406,42,1,0
BRDA:414,43,0,0
BRDA:414,43,1,0
BRDA:429,44,0,0
BRDA:429,44,1,0
BRDA:436,45,0,0
BRDA:436,45,1,0
BRF:94
BRH:0
end_of_record
TN:
SF:src/services/gateway.ts
FN:10,getHeaders
FN:18,json
FN:23,fetchMessages
FN:32,(anonymous_3)
FN:49,sendMessage
FN:73,streamChat
FN:93,chunks
FN:96,(anonymous_7)
FN:100,(anonymous_8)
FN:130,(anonymous_9)
FN:139,getConversations
FN:155,getConversationMessages
FN:184,deleteConversation
FNF:13
FNH:0
FNDA:0,getHeaders
FNDA:0,json
FNDA:0,fetchMessages
FNDA:0,(anonymous_3)
FNDA:0,sendMessage
FNDA:0,streamChat
FNDA:0,chunks
FNDA:0,(anonymous_7)
FNDA:0,(anonymous_8)
FNDA:0,(anonymous_9)
FNDA:0,getConversations
FNDA:0,getConversationMessages
FNDA:0,deleteConversation
DA:7,0
DA:8,0
DA:11,0
DA:12,0
DA:13,0
DA:15,0
DA:19,0
DA:20,0
DA:24,0
DA:25,0
DA:26,0
DA:30,0
DA:32,0
DA:33,0
DA:34,0
DA:41,0
DA:43,0
DA:45,0
DA:50,0
DA:51,0
DA:52,0
DA:54,0
DA:64,0
DA:65,0
DA:67,0
DA:71,0
DA:76,0
DA:77,0
DA:78,0
DA:80,0
DA:86,0
DA:91,0
DA:94,0
DA:95,0
DA:96,0
DA:97,0
DA:99,0
DA:100,0
DA:101,0
DA:104,0
DA:105,0
DA:115,0
DA:118,0
DA:119,0
DA:122,0
DA:125,0
DA:126,0
DA:127,0
DA:130,0
DA:132,0
DA:140,0
DA:141,0
DA:142,0
DA:143,0
DA:144,0
DA:145,0
DA:146,0
DA:148,0
DA:156,0
DA:157,0
DA:158,0
DA:159,0
DA:160,0
DA:161,0
DA:163,0
DA:164,0
DA:165,0
DA:166,0
DA:168,0
DA:170,0
DA:171,0
DA:174,0
DA:175,0
DA:177,0
DA:185,0
DA:186,0
DA:187,0
DA:188,0
DA:189,0
DA:190,0
DA:192,0
LF:81
LH:0
BRDA:12,0,0,0
BRDA:12,0,1,0
BRDA:19,1,0,0
BRDA:19,1,1,0
BRDA:25,2,0,0
BRDA:25,2,1,0
BRDA:32,3,0,0
BRDA:32,3,1,0
BRDA:33,4,0,0
BRDA:33,4,1,0
BRDA:33,5,0,0
BRDA:33,5,1,0
BRDA:33,5,2,0
BRDA:33,5,3,0
BRDA:33,5,4,0
BRDA:38,6,0,0
BRDA:38,6,1,0
BRDA:38,7,0,0
BRDA:38,7,1,0
BRDA:51,8,0,0
BRDA:51,8,1,0
BRDA:51,9,0,0
BRDA:51,9,1,0
BRDA:64,10,0,0
BRDA:64,10,1,0
BRDA:91,11,0,0
BRDA:91,11,1,0
BRDA:91,12,0,0
BRDA:91,12,1,0
BRDA:97,13,0,0
BRDA:97,13,1,0
BRDA:99,14,0,0
BRDA:99,14,1,0
BRDA:101,15,0,0
BRDA:101,15,1,0
BRDA:104,16,0,0
BRDA:104,16,1,0
BRDA:104,17,0,0
BRDA:104,17,1,0
BRDA:104,17,2,0
BRDA:115,18,0,0
BRDA:115,18,1,0
BRDA:115,19,0,0
BRDA:115,19,1,0
BRDA:115,19,2,0
BRDA:115,19,3,0
BRDA:115,19,4,0
BRDA:119,20,0,0
BRDA:119,20,1,0
BRDA:125,21,0,0
BRDA:125,21,1,0
BRDA:125,22,0,0
BRDA:125,22,1,0
BRDA:125,22,2,0
BRDA:127,23,0,0
BRDA:127,23,1,0
BRDA:127,24,0,0
BRDA:127,24,1,0
BRDA:144,25,0,0
BRDA:144,25,1,0
BRDA:146,26,0,0
BRDA:146,26,1,0
BRDA:157,27,0,0
BRDA:157,27,1,0
BRDA:161,28,0,0
BRDA:161,28,1,0
BRDA:163,29,0,0
BRDA:163,29,1,0
BRDA:171,30,0,0
BRDA:171,30,1,0
BRDA:174,31,0,0
BRDA:174,31,1,0
BRDA:174,32,0,0
BRDA:174,32,1,0
BRDA:174,32,2,0
BRDA:186,33,0,0
BRDA:186,33,1,0
BRDA:190,34,0,0
BRDA:190,34,1,0
BRF:79
BRH:0
end_of_record
TN:
SF:src/services/settings.ts
FN:12,getSettings
FN:15,(anonymous_1)
FN:22,saveSettings
FN:24,(anonymous_3)
FNF:4
FNH:0
FNDA:0,getSettings
FNDA:0,(anonymous_1)
FNDA:0,saveSettings
FNDA:0,(anonymous_3)
DA:10,1
DA:13,0
DA:15,0
DA:16,0
DA:18,0
DA:23,0
DA:24,0
DA:25,0
DA:26,0
DA:28,0
LF:10
LH:1
BRF:0
BRH:0
end_of_record
TN:
SF:src/store/chatStore.ts
FN:49,(anonymous_0)
FN:56,(anonymous_1)
FN:56,(anonymous_2)
FN:57,(anonymous_3)
FN:62,(anonymous_4)
FN:69,(anonymous_5)
FN:78,(anonymous_6)
FN:78,(anonymous_7)
FN:79,(anonymous_8)
FN:91,(anonymous_9)
FN:98,(anonymous_10)
FN:98,(anonymous_11)
FN:99,(anonymous_12)
FN:102,(anonymous_13)
FN:106,(anonymous_14)
FN:113,(anonymous_15)
FN:114,(anonymous_16)
FN:115,(anonymous_17)
FN:116,(anonymous_18)
FN:118,(anonymous_19)
FN:118,(anonymous_20)
FN:119,(anonymous_21)
FN:119,(anonymous_22)
FN:125,(anonymous_23)
FN:134,(anonymous_24)
FN:140,(anonymous_25)
FN:144,(anonymous_26)
FN:145,(anonymous_27)
FN:146,(anonymous_28)
FN:157,(anonymous_29)
FN:158,(anonymous_30)
FN:159,(anonymous_31)
FN:168,(anonymous_32)
FN:169,(anonymous_33)
FN:170,(anonymous_34)
FN:175,(anonymous_35)
FN:186,(anonymous_36)
FN:201,(anonymous_37)
FNF:38
FNH:0
FNDA:0,(anonymous_0)
FNDA:0,(anonymous_1)
FNDA:0,(anonymous_2)
FNDA:0,(anonymous_3)
FNDA:0,(anonymous_4)
FNDA:0,(anonymous_5)
FNDA:0,(anonymous_6)
FNDA:0,(anonymous_7)
FNDA:0,(anonymous_8)
FNDA:0,(anonymous_9)
FNDA:0,(anonymous_10)
FNDA:0,(anonymous_11)
FNDA:0,(anonymous_12)
FNDA:0,(anonymous_13)
FNDA:0,(anonymous_14)
FNDA:0,(anonymous_15)
FNDA:0,(anonymous_16)
FNDA:0,(anonymous_17)
FNDA:0,(anonymous_18)
FNDA:0,(anonymous_19)
FNDA:0,(anonymous_20)
FNDA:0,(anonymous_21)
FNDA:0,(anonymous_22)
FNDA:0,(anonymous_23)
FNDA:0,(anonymous_24)
FNDA:0,(anonymous_25)
FNDA:0,(anonymous_26)
FNDA:0,(anonymous_27)
FNDA:0,(anonymous_28)
FNDA:0,(anonymous_29)
FNDA:0,(anonymous_30)
FNDA:0,(anonymous_31)
FNDA:0,(anonymous_32)
FNDA:0,(anonymous_33)
FNDA:0,(anonymous_34)
FNDA:0,(anonymous_35)
FNDA:0,(anonymous_36)
FNDA:0,(anonymous_37)
DA:49,0
DA:56,0
DA:57,0
DA:58,0
DA:61,0
DA:62,0
DA:63,0
DA:64,0
DA:65,0
DA:66,0
DA:69,0
DA:70,0
DA:75,0
DA:78,0
DA:79,0
DA:80,0
DA:82,0
DA:83,0
DA:84,0
DA:85,0
DA:86,0
DA:87,0
DA:91,0
DA:92,0
DA:95,0
DA:98,0
DA:99,0
DA:100,0
DA:102,0
DA:103,0
DA:106,0
DA:107,0
DA:110,0
DA:113,0
DA:114,0
DA:115,0
DA:116,0
DA:118,0
DA:119,0
DA:126,0
DA:127,0
DA:134,0
DA:141,0
DA:145,0
DA:146,0
DA:147,0
DA:150,0
DA:158,0
DA:159,0
DA:169,0
DA:170,0
DA:171,0
DA:174,0
DA:175,0
DA:176,0
DA:177,0
DA:179,0
DA:180,0
DA:184,0
DA:185,0
DA:186,0
DA:187,0
DA:188,0
DA:189,0
DA:190,0
DA:195,0
DA:197,0
DA:201,0
LF:68
LH:0
BRDA:58,0,0,0
BRDA:58,0,1,0
BRDA:63,1,0,0
BRDA:63,1,1,0
BRDA:63,2,0,0
BRDA:63,2,1,0
BRDA:63,2,2,0
BRDA:66,3,0,0
BRDA:66,3,1,0
BRDA:70,4,0,0
BRDA:70,4,1,0
BRDA:80,5,0,0
BRDA:80,5,1,0
BRDA:84,6,0,0
BRDA:84,6,1,0
BRDA:84,7,0,0
BRDA:84,7,1,0
BRDA:84,7,2,0
BRDA:84,7,3,0
BRDA:86,8,0,0
BRDA:86,8,1,0
BRDA:87,9,0,0
BRDA:87,9,1,0
BRDA:92,10,0,0
BRDA:92,10,1,0
BRDA:100,11,0,0
BRDA:100,11,1,0
BRDA:103,12,0,0
BRDA:103,12,1,0
BRDA:107,13,0,0
BRDA:107,13,1,0
BRDA:113,14,0,0
BRDA:113,14,1,0
BRDA:114,15,0,0
BRDA:114,15,1,0
BRDA:116,16,0,0
BRDA:116,16,1,0
BRDA:147,17,0,0
BRDA:147,17,1,0
BRDA:148,18,0,0
BRDA:148,18,1,0
BRDA:171,19,0,0
BRDA:171,19,1,0
BRDA:176,20,0,0
BRDA:176,20,1,0
BRDA:185,21,0,0
BRDA:185,21,1,0
BRDA:185,22,0,0
BRDA:185,22,1,0
BRDA:185,22,2,0
BRDA:187,23,0,0
BRDA:187,23,1,0
BRDA:187,24,0,0
BRDA:187,24,1,0
BRDA:190,25,0,0
BRDA:190,25,1,0
BRF:56
BRH:0
end_of_record
TN:
SF:src/utils/env.ts
FN:9,(anonymous_0)
FN:20,getEnv
FN:36,(anonymous_2)
FNF:3
FNH:0
FNDA:0,(anonymous_0)
FNDA:0,getEnv
FNDA:0,(anonymous_2)
DA:4,0
DA:9,0
DA:18,0
DA:21,0
DA:24,0
DA:25,0
DA:26,0
DA:30,0
DA:31,0
DA:34,0
DA:35,0
DA:36,0
DA:37,0
DA:39,0
DA:41,0
DA:45,0
DA:46,0
DA:47,0
LF:18
LH:0
BRDA:21,0,0,0
BRDA:21,0,1,0
BRDA:26,1,0,0
BRDA:26,1,1,0
BRDA:30,2,0,0
BRDA:30,2,1,0
BRDA:30,3,0,0
BRDA:30,3,1,0
BRDA:35,4,0,0
BRDA:35,4,1,0
BRDA:39,5,0,0
BRDA:39,5,1,0
BRF:12
BRH:0
end_of_record
TN:
SF:src/utils/errorReport.ts
FN:20,beacon
FN:30,reportError
FN:44,(anonymous_2)
FN:51,buildPayload
FNF:4
FNH:2
FNDA:0,beacon
FNDA:3,reportError
FNDA:0,(anonymous_2)
FNDA:3,buildPayload
DA:18,1
DA:21,0
DA:22,0
DA:23,0
DA:24,0
DA:27,0
DA:31,3
DA:32,3
DA:33,3
DA:34,0
DA:36,3
DA:37,0
DA:38,0
DA:39,0
DA:47,0
DA:52,3
DA:53,3
LF:17
LH:7
BRDA:22,0,0,0
BRDA:22,0,1,0
BRDA:33,1,0,0
BRDA:33,1,1,3
BRDA:36,2,0,3
BRDA:36,2,1,0
BRDA:38,3,0,0
BRDA:38,3,1,0
BRDA:52,4,0,3
BRDA:52,4,1,0
BRF:10
BRH:3
end_of_record
TN:
SF:src/utils/handleApiError.ts
FN:12,handleApiError
FNF:1
FNH:0
FNDA:0,handleApiError
DA:13,0
DA:15,0
DA:16,0
DA:17,0
DA:18,0
DA:19,0
DA:23,0
DA:26,0
DA:27,0
DA:28,0
DA:31,0
LF:11
LH:0
BRDA:12,0,0,0
BRDA:13,1,0,0
BRDA:13,2,0,0
BRDA:16,3,0,0
BRDA:16,3,1,0
BRDA:16,4,0,0
BRDA:16,4,1,0
BRDA:18,5,0,0
BRDA:18,5,1,0
BRDA:23,6,0,0
BRDA:23,6,1,0
BRDA:26,7,0,0
BRDA:26,7,1,0
BRDA:27,8,0,0
BRDA:27,8,1,0
BRDA:31,9,0,0
BRDA:31,9,1,0
BRF:17
BRH:0
end_of_record
TN:
SF:src/utils/logger.ts
FN:10,emit
FN:22,(anonymous_1)
FN:23,(anonymous_2)
FN:24,(anonymous_3)
FN:25,(anonymous_4)
FNF:5
FNH:2
FNDA:3,emit
FNDA:0,(anonymous_1)
FNDA:0,(anonymous_2)
FNDA:0,(anonymous_3)
FNDA:3,(anonymous_4)
DA:5,3
DA:12,3
DA:14,3
DA:15,3
DA:16,3
DA:21,3
DA:22,0
DA:23,0
DA:24,0
DA:25,3
LF:10
LH:7
BRDA:12,0,0,0
BRDA:12,0,1,3
BRDA:12,1,0,3
BRDA:12,1,1,0
BRDA:15,2,0,3
BRDA:15,2,1,0
BRF:6
BRH:3
end_of_record
TN:
SF:src/utils/perf.ts
FN:5,mark
FN:11,measure
FNF:2
FNH:0
FNDA:0,mark
FNDA:0,measure
DA:6,0
DA:7,0
DA:12,0
DA:13,0
DA:14,0
DA:15,0
DA:17,0
LF:7
LH:0
BRDA:6,0,0,0
BRDA:6,0,1,0
BRDA:6,1,0,0
BRDA:6,1,1,0
BRDA:12,2,0,0
BRDA:12,2,1,0
BRDA:12,3,0,0
BRDA:12,3,1,0
BRDA:15,4,0,0
BRDA:15,4,1,0
BRF:10
BRH:0
end_of_record
TN:
SF:src/utils/renderSafeMessage.ts
FN:4,renderSafeMessage
FNF:1
FNH:1
FNDA:2,renderSafeMessage
DA:5,2
DA:6,2
LF:2
LH:2
BRF:0
BRH:0
end_of_record
TN:
SF:src/utils/sanitizeHtml.ts
FN:13,sanitizeHtml
FNF:1
FNH:1
FNDA:2,sanitizeHtml
DA:3,1
DA:11,1
DA:14,2
DA:16,2
LF:4
LH:4
BRDA:14,0,0,0
BRDA:14,0,1,2
BRF:2
BRH:1
end_of_record
TN:
SF:src/utils/toast.ts
FN:4,(anonymous_0)
FN:6,(anonymous_1)
FN:8,(anonymous_2)
FN:10,(anonymous_3)
FNF:4
FNH:1
FNDA:0,(anonymous_0)
FNDA:3,(anonymous_1)
FNDA:0,(anonymous_2)
FNDA:0,(anonymous_3)
DA:3,2
DA:5,0
DA:7,3
DA:9,0
DA:11,0
LF:5
LH:2
BRDA:5,0,0,0
BRDA:5,0,1,0
BRDA:7,1,0,3
BRDA:7,1,1,0
BRDA:9,2,0,0
BRDA:9,2,1,0
BRDA:11,3,0,0
BRDA:11,3,1,0
BRF:8
BRH:1
end_of_record
TN:
SF:src/utils/toastPresets.ts
FN:4,(anonymous_0)
FN:5,(anonymous_1)
FN:6,(anonymous_2)
FN:7,(anonymous_3)
FNF:4
FNH:0
FNDA:0,(anonymous_0)
FNDA:0,(anonymous_1)
FNDA:0,(anonymous_2)
FNDA:0,(anonymous_3)
DA:3,0
DA:4,0
DA:5,0
DA:6,0
DA:7,0
LF:5
LH:0
BRDA:6,0,0,0
BRF:1
BRH:0
end_of_record
TN:
SF:src/utils/toastPromise.ts
FN:9,toastPromise
FN:14,(anonymous_1)
FN:16,(anonymous_2)
FNF:3
FNH:0
FNDA:0,toastPromise
FNDA:0,(anonymous_1)
FNDA:0,(anonymous_2)
DA:10,0
DA:15,0
DA:17,0
LF:3
LH:0
BRDA:13,0,0,0
BRDA:13,0,1,0
BRDA:15,1,0,0
BRDA:15,1,1,0
BRDA:15,2,0,0
BRDA:15,2,1,0
BRDA:17,3,0,0
BRDA:17,3,1,0
BRDA:19,4,0,0
BRDA:19,4,1,0
BRDA:19,5,0,0
BRDA:19,5,1,0
BRF:12
BRH:0
end_of_record
TN:
SF:src/utils/urls.ts
FN:3,isSafeUrl
FN:15,linkify
FN:16,(anonymous_2)
FNF:3
FNH:3
FNDA:2,isSafeUrl
FNDA:2,linkify
FNDA:2,(anonymous_2)
DA:1,1
DA:4,2
DA:5,2
DA:6,2
DA:8,0
DA:13,1
DA:16,2
DA:17,2
DA:18,2
DA:19,2
DA:20,2
LF:11
LH:10
BRDA:17,0,0,0
BRDA:17,0,1,2
BRDA:18,1,0,0
BRDA:18,1,1,2
BRDA:19,2,0,0
BRDA:19,2,1,2
BRF:6
BRH:3
end_of_record
